[debug] [2026-06-11T22:48:53.950Z] ----------------------------------------------------------------------
[debug] [2026-06-11T22:48:53.996Z] Command:       C:\Program Files\nodejs\node.exe C:\Users\abdel\AppData\Roaming\npm\node_modules\firebase-tools\lib\bin\firebase.js use
[debug] [2026-06-11T22:48:53.999Z] CLI Version:   15.20.0
[debug] [2026-06-11T22:48:53.999Z] Platform:      win32
[debug] [2026-06-11T22:48:54.000Z] Node Version:  v24.12.0
[debug] [2026-06-11T22:48:54.001Z] Time:          Fri Jun 12 2026 01:48:54 GMT+0300 (Eastern European Summer Time)
[debug] [2026-06-11T22:48:54.001Z] ----------------------------------------------------------------------
[debug] 
[debug] [2026-06-11T22:48:54.015Z] >>> [apiv2][query] GET https://firebase-public.firebaseio.com/cli.json [none]
[debug] [2026-06-11T22:48:54.237Z] > command requires scopes: ["email","openid","https://www.googleapis.com/auth/cloudplatformprojects.readonly","https://www.googleapis.com/auth/firebase","https://www.googleapis.com/auth/cloud-platform"]
[debug] [2026-06-11T22:48:54.311Z] Error: Could not load the default credentials. Browse to https://cloud.google.com/docs/authentication/getting-started for more information.
    at GoogleAuth.getApplicationDefaultAsync (C:\Users\abdel\AppData\Roaming\npm\node_modules\firebase-tools\node_modules\google-auth-library\build\src\auth\googleauth.js:287:15)
    at process.processTicksAndRejections (node:internal/process/task_queues:103:5)
    at async GoogleAuth._GoogleAuth_determineClient (C:\Users\abdel\AppData\Roaming\npm\node_modules\firebase-tools\node_modules\google-auth-library\build\src\auth\googleauth.js:834:32)
    at async GoogleAuth.getClient (C:\Users\abdel\AppData\Roaming\npm\node_modules\firebase-tools\node_modules\google-auth-library\build\src\auth\googleauth.js:698:20)
    at async GoogleAuth.getAccessToken (C:\Users\abdel\AppData\Roaming\npm\node_modules\firebase-tools\node_modules\google-auth-library\build\src\auth\googleauth.js:722:24)
    at async autoAuth (C:\Users\abdel\AppData\Roaming\npm\node_modules\firebase-tools\lib\requireAuth.js:28:19)
    at async Object.requireAuth [as fn] (C:\Users\abdel\AppData\Roaming\npm\node_modules\firebase-tools\lib\requireAuth.js:90:20)
    at async C:\Users\abdel\AppData\Roaming\npm\node_modules\firebase-tools\lib\command.js:278:17
[error] 
[error] Error: Failed to authenticate, have you run firebase login?
[debug] [2026-06-11T22:48:59.865Z] ----------------------------------------------------------------------
[debug] [2026-06-11T22:48:59.877Z] Command:       C:\Program Files\nodejs\node.exe C:\Users\abdel\AppData\Roaming\npm\node_modules\firebase-tools\lib\bin\firebase.js projects:list
[debug] [2026-06-11T22:48:59.878Z] CLI Version:   15.20.0
[debug] [2026-06-11T22:48:59.881Z] Platform:      win32
[debug] [2026-06-11T22:48:59.882Z] Node Version:  v24.12.0
[debug] [2026-06-11T22:48:59.882Z] Time:          Fri Jun 12 2026 01:48:59 GMT+0300 (Eastern European Summer Time)
[debug] [2026-06-11T22:48:59.883Z] ----------------------------------------------------------------------
[debug] 
[debug] [2026-06-11T22:48:59.890Z] >>> [apiv2][query] GET https://firebase-public.firebaseio.com/cli.json [none]
[debug] [2026-06-11T22:49:00.041Z] > command requires scopes: ["email","openid","https://www.googleapis.com/auth/cloudplatformprojects.readonly","https://www.googleapis.com/auth/firebase","https://www.googleapis.com/auth/cloud-platform"]
[debug] [2026-06-11T22:49:00.095Z] Error: Could not load the default credentials. Browse to https://cloud.google.com/docs/authentication/getting-started for more information.
    at GoogleAuth.getApplicationDefaultAsync (C:\Users\abdel\AppData\Roaming\npm\node_modules\firebase-tools\node_modules\google-auth-library\build\src\auth\googleauth.js:287:15)
    at process.processTicksAndRejections (node:internal/process/task_queues:103:5)
    at async GoogleAuth._GoogleAuth_determineClient (C:\Users\abdel\AppData\Roaming\npm\node_modules\firebase-tools\node_modules\google-auth-library\build\src\auth\googleauth.js:834:32)
    at async GoogleAuth.getClient (C:\Users\abdel\AppData\Roaming\npm\node_modules\firebase-tools\node_modules\google-auth-library\build\src\auth\googleauth.js:698:20)
    at async GoogleAuth.getAccessToken (C:\Users\abdel\AppData\Roaming\npm\node_modules\firebase-tools\node_modules\google-auth-library\build\src\auth\googleauth.js:722:24)
    at async autoAuth (C:\Users\abdel\AppData\Roaming\npm\node_modules\firebase-tools\lib\requireAuth.js:28:19)
    at async Object.requireAuth [as fn] (C:\Users\abdel\AppData\Roaming\npm\node_modules\firebase-tools\lib\requireAuth.js:90:20)
    at async C:\Users\abdel\AppData\Roaming\npm\node_modules\firebase-tools\lib\command.js:278:17
[error] 
[error] Error: Failed to authenticate, have you run firebase login?
